# JRE version: OpenJDK Runtime Environment (8.0_202-b03) (build 1.8.0_202-release-1483-b03)
# Java VM: OpenJDK 64-Bit Server VM (25.202-b03 mixed mode windows-amd64 compressed oops)
Heap:
 PSYoungGen      total 452608K, used 404150K [0x00000000e0000000, 0x0000000100000000, 0x0000000100000000)
  eden space 407040K, 91% used [0x00000000e0000000,0x00000000f6b21f38,0x00000000f8d80000)
  from space 45568K, 70% used [0x00000000f8d80000,0x00000000fad0b950,0x00000000fba00000)
  to   space 48640K, 0% used [0x00000000fd080000,0x00000000fd080000,0x0000000100000000)
 ParOldGen       total 123392K, used 60291K [0x00000000a0000000, 0x00000000a7880000, 0x00000000e0000000)
  object space 123392K, 48% used [0x00000000a0000000,0x00000000a3ae0e58,0x00000000a7880000)
 Metaspace       used 93210K, capacity 97532K, committed 97664K, reserved 1134592K
  class space    used 11810K, capacity 12655K, committed 12672K, reserved 1048576K
GC Heap History (10 events):
Event: 116.110 GC heap before
{Heap before GC invocations=22 (full 3):
 PSYoungGen      total 337408K, used 332833K [0x00000000e0000000, 0x00000000f5e00000, 0x0000000100000000)
  eden space 319488K, 100% used [0x00000000e0000000,0x00000000f3800000,0x00000000f3800000)
  from space 17920K, 74% used [0x00000000f4b80000,0x00000000f58885d8,0x00000000f5d00000)
  to   space 19456K, 0% used [0x00000000f3800000,0x00000000f3800000,0x00000000f4b00000)
 ParOldGen       total 123392K, used 33259K [0x00000000a0000000, 0x00000000a7880000, 0x00000000e0000000)
  object space 123392K, 26% used [0x00000000a0000000,0x00000000a207ac68,0x00000000a7880000)
 Metaspace       used 72498K, capacity 75158K, committed 75392K, reserved 1114112K
  class space    used 9459K, capacity 10026K, committed 10112K, reserved 1048576K
Event: 116.129 GC heap after
Heap after GC invocations=22 (full 3):
 PSYoungGen      total 338944K, used 19434K [0x00000000e0000000, 0x00000000f9200000, 0x0000000100000000)
  eden space 319488K, 0% used [0x00000000e0000000,0x00000000e0000000,0x00000000f3800000)
  from space 19456K, 99% used [0x00000000f3800000,0x00000000f4afa9b8,0x00000000f4b00000)
  to   space 24064K, 0% used [0x00000000f7a80000,0x00000000f7a80000,0x00000000f9200000)
 ParOldGen       total 123392K, used 38021K [0x00000000a0000000, 0x00000000a7880000, 0x00000000e0000000)
  object space 123392K, 30% used [0x00000000a0000000,0x00000000a2521468,0x00000000a7880000)
 Metaspace       used 72498K, capacity 75158K, committed 75392K, reserved 1114112K
  class space    used 9459K, capacity 10026K, committed 10112K, reserved 1048576K
}
Event: 117.472 GC heap before
{Heap before GC invocations=23 (full 3):
 PSYoungGen      total 338944K, used 338922K [0x00000000e0000000, 0x00000000f9200000, 0x0000000100000000)
  eden space 319488K, 100% used [0x00000000e0000000,0x00000000f3800000,0x00000000f3800000)
  from space 19456K, 99% used [0x00000000f3800000,0x00000000f4afa9b8,0x00000000f4b00000)
  to   space 24064K, 0% used [0x00000000f7a80000,0x00000000f7a80000,0x00000000f9200000)
 ParOldGen       total 123392K, used 38065K [0x00000000a0000000, 0x00000000a7880000, 0x00000000e0000000)
  object space 123392K, 30% used [0x00000000a0000000,0x00000000a252c460,0x00000000a7880000)
 Metaspace       used 74358K, capacity 77444K, committed 77696K, reserved 1116160K
  class space    used 9704K, capacity 10325K, committed 10368K, reserved 1048576K
Event: 117.511 GC heap after
Heap after GC invocations=23 (full 3):
 PSYoungGen      total 377856K, used 24060K [0x00000000e0000000, 0x00000000fb680000, 0x0000000100000000)
  eden space 353792K, 0% used [0x00000000e0000000,0x00000000e0000000,0x00000000f5980000)
  from space 24064K, 99% used [0x00000000f7a80000,0x00000000f91ff3d8,0x00000000f9200000)
  to   space 33792K, 0% used [0x00000000f5980000,0x00000000f5980000,0x00000000f7a80000)
 ParOldGen       total 123392K, used 53781K [0x00000000a0000000, 0x00000000a7880000, 0x00000000e0000000)
  object space 123392K, 43% used [0x00000000a0000000,0x00000000a3485480,0x00000000a7880000)
 Metaspace       used 74358K, capacity 77444K, committed 77696K, reserved 1116160K
  class space    used 9704K, capacity 10325K, committed 10368K, reserved 1048576K
}
Event: 236.198 GC heap before
{Heap before GC invocations=24 (full 3):
 PSYoungGen      total 377856K, used 377852K [0x00000000e0000000, 0x00000000fb680000, 0x0000000100000000)
  eden space 353792K, 100% used [0x00000000e0000000,0x00000000f5980000,0x00000000f5980000)
  from space 24064K, 99% used [0x00000000f7a80000,0x00000000f91ff3d8,0x00000000f9200000)
  to   space 33792K, 0% used [0x00000000f5980000,0x00000000f5980000,0x00000000f7a80000)
 ParOldGen       total 123392K, used 53800K [0x00000000a0000000, 0x00000000a7880000, 0x00000000e0000000)
  object space 123392K, 43% used [0x00000000a0000000,0x00000000a348a018,0x00000000a7880000)
 Metaspace       used 83893K, capacity 87266K, committed 87424K, reserved 1126400K
  class space    used 10586K, capacity 11286K, committed 11392K, reserved 1048576K
Event: 236.243 GC heap after
Heap after GC invocations=24 (full 3):
 PSYoungGen      total 387584K, used 33791K [0x00000000e0000000, 0x00000000fe100000, 0x0000000100000000)
  eden space 353792K, 0% used [0x00000000e0000000,0x00000000e0000000,0x00000000f5980000)
  from space 33792K, 99% used [0x00000000f5980000,0x00000000f7a7ff18,0x00000000f7a80000)
  to   space 39936K, 0% used [0x00000000fba00000,0x00000000fba00000,0x00000000fe100000)
 ParOldGen       total 123392K, used 54114K [0x00000000a0000000, 0x00000000a7880000, 0x00000000e0000000)
  object space 123392K, 43% used [0x00000000a0000000,0x00000000a34d8938,0x00000000a7880000)
 Metaspace       used 83893K, capacity 87266K, committed 87424K, reserved 1126400K
  class space    used 10586K, capacity 11286K, committed 11392K, reserved 1048576K
}
Event: 240.707 GC heap before
{Heap before GC invocations=25 (full 3):
 PSYoungGen      total 387584K, used 387583K [0x00000000e0000000, 0x00000000fe100000, 0x0000000100000000)
  eden space 353792K, 100% used [0x00000000e0000000,0x00000000f5980000,0x00000000f5980000)
  from space 33792K, 99% used [0x00000000f5980000,0x00000000f7a7ff18,0x00000000f7a80000)
  to   space 39936K, 0% used [0x00000000fba00000,0x00000000fba00000,0x00000000fe100000)
 ParOldGen       total 123392K, used 54114K [0x00000000a0000000, 0x00000000a7880000, 0x00000000e0000000)
  object space 123392K, 43% used [0x00000000a0000000,0x00000000a34d8938,0x00000000a7880000)
 Metaspace       used 92122K, capacity 96484K, committed 96640K, reserved 1132544K
  class space    used 11744K, capacity 12601K, committed 12672K, reserved 1048576K
Event: 240.797 GC heap after
Heap after GC invocations=25 (full 3):
 PSYoungGen      total 446976K, used 37079K [0x00000000e0000000, 0x00000000ff400000, 0x0000000100000000)
  eden space 407040K, 0% used [0x00000000e0000000,0x00000000e0000000,0x00000000f8d80000)
  from space 39936K, 92% used [0x00000000fba00000,0x00000000fde35c88,0x00000000fe100000)
  to   space 45568K, 0% used [0x00000000f8d80000,0x00000000f8d80000,0x00000000fba00000)
 ParOldGen       total 123392K, used 60283K [0x00000000a0000000, 0x00000000a7880000, 0x00000000e0000000)
  object space 123392K, 48% used [0x00000000a0000000,0x00000000a3adee58,0x00000000a7880000)
 Metaspace       used 92122K, capacity 96484K, committed 96640K, reserved 1132544K
  class space    used 11744K, capacity 12601K, committed 12672K, reserved 1048576K
}
Event: 242.895 GC heap before
{Heap before GC invocations=26 (full 3):
 PSYoungGen      total 446976K, used 444119K [0x00000000e0000000, 0x00000000ff400000, 0x0000000100000000)
  eden space 407040K, 100% used [0x00000000e0000000,0x00000000f8d80000,0x00000000f8d80000)
  from space 39936K, 92% used [0x00000000fba00000,0x00000000fde35c88,0x00000000fe100000)
  to   space 45568K, 0% used [0x00000000f8d80000,0x00000000f8d80000,0x00000000fba00000)
 ParOldGen       total 123392K, used 60283K [0x00000000a0000000, 0x00000000a7880000, 0x00000000e0000000)
  object space 123392K, 48% used [0x00000000a0000000,0x00000000a3adee58,0x00000000a7880000)
 Metaspace       used 92809K, capacity 97130K, committed 97408K, reserved 1134592K
  class space    used 11777K, capacity 12618K, committed 12672K, reserved 1048576K
Event: 242.971 GC heap after
Heap after GC invocations=26 (full 3):
 PSYoungGen      total 452608K, used 32302K [0x00000000e0000000, 0x0000000100000000, 0x0000000100000000)
  eden space 407040K, 0% used [0x00000000e0000000,0x00000000e0000000,0x00000000f8d80000)
  from space 45568K, 70% used [0x00000000f8d80000,0x00000000fad0b950,0x00000000fba00000)
  to   space 48640K, 0% used [0x00000000fd080000,0x00000000fd080000,0x0000000100000000)
 ParOldGen       total 123392K, used 60291K [0x00000000a0000000, 0x00000000a7880000, 0x00000000e0000000)
  object space 123392K, 48% used [0x00000000a0000000,0x00000000a3ae0e58,0x00000000a7880000)
 Metaspace       used 92809K, capacity 97130K, committed 97408K, reserved 1134592K
  class space    used 11777K, capacity 12618K, committed 12672K, reserved 1048576K
}

