# JRE version: OpenJDK Runtime Environment (8.0_202-b03) (build 1.8.0_202-release-1483-b03)
# Java VM: OpenJDK 64-Bit Server VM (25.202-b03 mixed mode windows-amd64 compressed oops)
Heap:
 PSYoungGen      total 214016K, used 57096K [0x00000000e0000000, 0x00000000f0b80000, 0x0000000100000000)
  eden space 192512K, 18% used [0x00000000e0000000,0x00000000e22c8c30,0x00000000ebc00000)
  from space 21504K, 99% used [0x00000000ebc00000,0x00000000ed0f93f0,0x00000000ed100000)
  to   space 28160K, 0% used [0x00000000ef000000,0x00000000ef000000,0x00000000f0b80000)
 ParOldGen       total 132608K, used 38112K [0x00000000a0000000, 0x00000000a8180000, 0x00000000e0000000)
  object space 132608K, 28% used [0x00000000a0000000,0x00000000a25382c0,0x00000000a8180000)
 Metaspace       used 76822K, capacity 79914K, committed 79960K, reserved 1118208K
  class space    used 9920K, capacity 10578K, committed 10624K, reserved 1048576K
GC Heap History (10 events):
Event: 19.237 GC heap before
{Heap before GC invocations=14 (full 2):
 PSYoungGen      total 151040K, used 39460K [0x00000000e0000000, 0x00000000ec780000, 0x0000000100000000)
  eden space 137216K, 18% used [0x00000000e0000000,0x00000000e190b1e0,0x00000000e8600000)
  from space 13824K, 99% used [0x00000000e8600000,0x00000000e937e058,0x00000000e9380000)
  to   space 17920K, 0% used [0x00000000eb600000,0x00000000eb600000,0x00000000ec780000)
 ParOldGen       total 90112K, used 26316K [0x00000000a0000000, 0x00000000a5800000, 0x00000000e0000000)
  object space 90112K, 29% used [0x00000000a0000000,0x00000000a19b32b0,0x00000000a5800000)
 Metaspace       used 56964K, capacity 58842K, committed 58968K, reserved 1099776K
  class space    used 7785K, capacity 8222K, committed 8320K, reserved 1048576K
Event: 19.253 GC heap after
Heap after GC invocations=14 (full 2):
 PSYoungGen      total 185856K, used 1946K [0x00000000e0000000, 0x00000000ed400000, 0x0000000100000000)
  eden space 167936K, 0% used [0x00000000e0000000,0x00000000e0000000,0x00000000ea400000)
  from space 17920K, 10% used [0x00000000eb600000,0x00000000eb7e6ae8,0x00000000ec780000)
  to   space 18432K, 0% used [0x00000000ea400000,0x00000000ea400000,0x00000000eb600000)
 ParOldGen       total 90112K, used 32299K [0x00000000a0000000, 0x00000000a5800000, 0x00000000e0000000)
  object space 90112K, 35% used [0x00000000a0000000,0x00000000a1f8ae28,0x00000000a5800000)
 Metaspace       used 56964K, capacity 58842K, committed 58968K, reserved 1099776K
  class space    used 7785K, capacity 8222K, committed 8320K, reserved 1048576K
}
Event: 19.253 GC heap before
{Heap before GC invocations=15 (full 3):
 PSYoungGen      total 185856K, used 1946K [0x00000000e0000000, 0x00000000ed400000, 0x0000000100000000)
  eden space 167936K, 0% used [0x00000000e0000000,0x00000000e0000000,0x00000000ea400000)
  from space 17920K, 10% used [0x00000000eb600000,0x00000000eb7e6ae8,0x00000000ec780000)
  to   space 18432K, 0% used [0x00000000ea400000,0x00000000ea400000,0x00000000eb600000)
 ParOldGen       total 90112K, used 32299K [0x00000000a0000000, 0x00000000a5800000, 0x00000000e0000000)
  object space 90112K, 35% used [0x00000000a0000000,0x00000000a1f8ae28,0x00000000a5800000)
 Metaspace       used 56964K, capacity 58842K, committed 58968K, reserved 1099776K
  class space    used 7785K, capacity 8222K, committed 8320K, reserved 1048576K
Event: 19.731 GC heap after
Heap after GC invocations=15 (full 3):
 PSYoungGen      total 185856K, used 0K [0x00000000e0000000, 0x00000000ed400000, 0x0000000100000000)
  eden space 167936K, 0% used [0x00000000e0000000,0x00000000e0000000,0x00000000ea400000)
  from space 17920K, 0% used [0x00000000eb600000,0x00000000eb600000,0x00000000ec780000)
  to   space 18432K, 0% used [0x00000000ea400000,0x00000000ea400000,0x00000000eb600000)
 ParOldGen       total 132608K, used 28490K [0x00000000a0000000, 0x00000000a8180000, 0x00000000e0000000)
  object space 132608K, 21% used [0x00000000a0000000,0x00000000a1bd2a80,0x00000000a8180000)
 Metaspace       used 56780K, capacity 58296K, committed 58968K, reserved 1099776K
  class space    used 7728K, capacity 8121K, committed 8320K, reserved 1048576K
}
Event: 291.045 GC heap before
{Heap before GC invocations=16 (full 3):
 PSYoungGen      total 185856K, used 167936K [0x00000000e0000000, 0x00000000ed400000, 0x0000000100000000)
  eden space 167936K, 100% used [0x00000000e0000000,0x00000000ea400000,0x00000000ea400000)
  from space 17920K, 0% used [0x00000000eb600000,0x00000000eb600000,0x00000000ec780000)
  to   space 18432K, 0% used [0x00000000ea400000,0x00000000ea400000,0x00000000eb600000)
 ParOldGen       total 132608K, used 28490K [0x00000000a0000000, 0x00000000a8180000, 0x00000000e0000000)
  object space 132608K, 21% used [0x00000000a0000000,0x00000000a1bd2a80,0x00000000a8180000)
 Metaspace       used 66963K, capacity 69414K, committed 69592K, reserved 1110016K
  class space    used 8861K, capacity 9364K, committed 9472K, reserved 1048576K
Event: 291.085 GC heap after
Heap after GC invocations=16 (full 3):
 PSYoungGen      total 186368K, used 16409K [0x00000000e0000000, 0x00000000ee900000, 0x0000000100000000)
  eden space 167936K, 0% used [0x00000000e0000000,0x00000000e0000000,0x00000000ea400000)
  from space 18432K, 89% used [0x00000000ea400000,0x00000000eb4067d8,0x00000000eb600000)
  to   space 20480K, 0% used [0x00000000ed500000,0x00000000ed500000,0x00000000ee900000)
 ParOldGen       total 132608K, used 28498K [0x00000000a0000000, 0x00000000a8180000, 0x00000000e0000000)
  object space 132608K, 21% used [0x00000000a0000000,0x00000000a1bd4a80,0x00000000a8180000)
 Metaspace       used 66963K, capacity 69414K, committed 69592K, reserved 1110016K
  class space    used 8861K, capacity 9364K, committed 9472K, reserved 1048576K
}
Event: 310.540 GC heap before
{Heap before GC invocations=17 (full 3):
 PSYoungGen      total 186368K, used 184345K [0x00000000e0000000, 0x00000000ee900000, 0x0000000100000000)
  eden space 167936K, 100% used [0x00000000e0000000,0x00000000ea400000,0x00000000ea400000)
  from space 18432K, 89% used [0x00000000ea400000,0x00000000eb4067d8,0x00000000eb600000)
  to   space 20480K, 0% used [0x00000000ed500000,0x00000000ed500000,0x00000000ee900000)
 ParOldGen       total 132608K, used 28498K [0x00000000a0000000, 0x00000000a8180000, 0x00000000e0000000)
  object space 132608K, 21% used [0x00000000a0000000,0x00000000a1bd4a80,0x00000000a8180000)
 Metaspace       used 72391K, capacity 75366K, committed 75480K, reserved 1114112K
  class space    used 9513K, capacity 10152K, committed 10240K, reserved 1048576K
Event: 310.569 GC heap after
Heap after GC invocations=17 (full 3):
 PSYoungGen      total 209920K, used 15557K [0x00000000e0000000, 0x00000000ee600000, 0x0000000100000000)
  eden space 192512K, 0% used [0x00000000e0000000,0x00000000e0000000,0x00000000ebc00000)
  from space 17408K, 89% used [0x00000000ed500000,0x00000000ee431670,0x00000000ee600000)
  to   space 21504K, 0% used [0x00000000ebc00000,0x00000000ebc00000,0x00000000ed100000)
 ParOldGen       total 132608K, used 28506K [0x00000000a0000000, 0x00000000a8180000, 0x00000000e0000000)
  object space 132608K, 21% used [0x00000000a0000000,0x00000000a1bd6a80,0x00000000a8180000)
 Metaspace       used 72391K, capacity 75366K, committed 75480K, reserved 1114112K
  class space    used 9513K, capacity 10152K, committed 10240K, reserved 1048576K
}
Event: 322.152 GC heap before
{Heap before GC invocations=18 (full 3):
 PSYoungGen      total 209920K, used 208069K [0x00000000e0000000, 0x00000000ee600000, 0x0000000100000000)
  eden space 192512K, 100% used [0x00000000e0000000,0x00000000ebc00000,0x00000000ebc00000)
  from space 17408K, 89% used [0x00000000ed500000,0x00000000ee431670,0x00000000ee600000)
  to   space 21504K, 0% used [0x00000000ebc00000,0x00000000ebc00000,0x00000000ed100000)
 ParOldGen       total 132608K, used 28506K [0x00000000a0000000, 0x00000000a8180000, 0x00000000e0000000)
  object space 132608K, 21% used [0x00000000a0000000,0x00000000a1bd6a80,0x00000000a8180000)
 Metaspace       used 76642K, capacity 79764K, committed 79960K, reserved 1118208K
  class space    used 9911K, capacity 10575K, committed 10624K, reserved 1048576K
Event: 322.213 GC heap after
Heap after GC invocations=18 (full 3):
 PSYoungGen      total 214016K, used 21476K [0x00000000e0000000, 0x00000000f0b80000, 0x0000000100000000)
  eden space 192512K, 0% used [0x00000000e0000000,0x00000000e0000000,0x00000000ebc00000)
  from space 21504K, 99% used [0x00000000ebc00000,0x00000000ed0f93f0,0x00000000ed100000)
  to   space 28160K, 0% used [0x00000000ef000000,0x00000000ef000000,0x00000000f0b80000)
 ParOldGen       total 132608K, used 38112K [0x00000000a0000000, 0x00000000a8180000, 0x00000000e0000000)
  object space 132608K, 28% used [0x00000000a0000000,0x00000000a25382c0,0x00000000a8180000)
 Metaspace       used 76642K, capacity 79764K, committed 79960K, reserved 1118208K
  class space    used 9911K, capacity 10575K, committed 10624K, reserved 1048576K
}

